{"__type":"$$EventMessageWorkflow","id":"936a9096-8ba1-4a0a-a77b-fc5356342f26","ts":"2025-06-04T11:44:03.046+00:00","eventName":"n8n.workflow.started","message":"n8n.workflow.started","payload":{"executionId":"9","workflowId":"XaLsTVD8VmMtYP5m","isManual":false,"workflowName":"My workflow"}}
{"__type":"$$EventMessageConfirm","confirm":"936a9096-8ba1-4a0a-a77b-fc5356342f26","ts":"2025-06-04T11:44:03.046+00:00","source":{"id":"0","name":"eventBus"}}
{"__type":"$$EventMessageNode","id":"cf2d2e5f-15f6-4c7a-9b04-d79d19aaa9db","ts":"2025-06-04T11:44:03.048+00:00","eventName":"n8n.node.started","message":"n8n.node.started","payload":{"workflowId":"XaLsTVD8VmMtYP5m","workflowName":"My workflow","executionId":"9","nodeType":"n8n-nodes-base.executeCommand","nodeName":"Execute Command"}}
{"__type":"$$EventMessageConfirm","confirm":"cf2d2e5f-15f6-4c7a-9b04-d79d19aaa9db","ts":"2025-06-04T11:44:03.048+00:00","source":{"id":"0","name":"eventBus"}}
{"__type":"$$EventMessageNode","id":"55953958-c43d-4483-9491-daacc4dcddd0","ts":"2025-06-04T11:44:03.149+00:00","eventName":"n8n.node.finished","message":"n8n.node.finished","payload":{"workflowId":"XaLsTVD8VmMtYP5m","workflowName":"My workflow","executionId":"9","nodeType":"n8n-nodes-base.executeCommand","nodeName":"Execute Command"}}
{"__type":"$$EventMessageConfirm","confirm":"55953958-c43d-4483-9491-daacc4dcddd0","ts":"2025-06-04T11:44:03.149+00:00","source":{"id":"0","name":"eventBus"}}
{"__type":"$$EventMessageWorkflow","id":"ac572172-bb97-4e4b-9e3c-e50cb9362658","ts":"2025-06-04T11:44:03.155+00:00","eventName":"n8n.workflow.failed","message":"n8n.workflow.failed","payload":{"executionId":"9","userId":"9b8b052a-db15-4de7-91d1-091b24ac0870","success":false,"isManual":true,"workflowId":"XaLsTVD8VmMtYP5m","workflowName":"My workflow","lastNodeExecuted":"Execute Command","errorNodeType":"n8n-nodes-base.executeCommand","errorMessage":"The connection cannot be established, this usually occurs due to an incorrect host (domain) value"}}
{"__type":"$$EventMessageConfirm","confirm":"ac572172-bb97-4e4b-9e3c-e50cb9362658","ts":"2025-06-04T11:44:03.155+00:00","source":{"id":"0","name":"eventBus"}}
{"__type":"$$EventMessageWorkflow","id":"847c8aae-0bf7-4912-9435-23492175b9e2","ts":"2025-06-04T11:44:48.507+00:00","eventName":"n8n.workflow.started","message":"n8n.workflow.started","payload":{"executionId":"10","workflowId":"XaLsTVD8VmMtYP5m","isManual":false,"workflowName":"My workflow"}}
{"__type":"$$EventMessageConfirm","confirm":"847c8aae-0bf7-4912-9435-23492175b9e2","ts":"2025-06-04T11:44:48.507+00:00","source":{"id":"0","name":"eventBus"}}
{"__type":"$$EventMessageNode","id":"a61b43ff-3fe4-42be-ac83-97e6e3ce385d","ts":"2025-06-04T11:44:48.508+00:00","eventName":"n8n.node.started","message":"n8n.node.started","payload":{"workflowId":"XaLsTVD8VmMtYP5m","workflowName":"My workflow","executionId":"10","nodeType":"n8n-nodes-base.executeCommand","nodeName":"Execute Command"}}
{"__type":"$$EventMessageConfirm","confirm":"a61b43ff-3fe4-42be-ac83-97e6e3ce385d","ts":"2025-06-04T11:44:48.508+00:00","source":{"id":"0","name":"eventBus"}}
{"__type":"$$EventMessageNode","id":"eb0850e6-78f8-40dd-9d58-702c0c10e200","ts":"2025-06-04T11:44:48.556+00:00","eventName":"n8n.node.finished","message":"n8n.node.finished","payload":{"workflowId":"XaLsTVD8VmMtYP5m","workflowName":"My workflow","executionId":"10","nodeType":"n8n-nodes-base.executeCommand","nodeName":"Execute Command"}}
{"__type":"$$EventMessageConfirm","confirm":"eb0850e6-78f8-40dd-9d58-702c0c10e200","ts":"2025-06-04T11:44:48.556+00:00","source":{"id":"0","name":"eventBus"}}
{"__type":"$$EventMessageWorkflow","id":"546b6a74-80fd-47ff-9470-741866e7473b","ts":"2025-06-04T11:44:48.558+00:00","eventName":"n8n.workflow.success","message":"n8n.workflow.success","payload":{"executionId":"10","userId":"9b8b052a-db15-4de7-91d1-091b24ac0870","success":true,"isManual":true,"workflowId":"XaLsTVD8VmMtYP5m","workflowName":"My workflow"}}
{"__type":"$$EventMessageConfirm","confirm":"546b6a74-80fd-47ff-9470-741866e7473b","ts":"2025-06-04T11:44:48.559+00:00","source":{"id":"0","name":"eventBus"}}
{"__type":"$$EventMessageWorkflow","id":"d34eaf01-4f7e-4359-95d0-a7d311098cd9","ts":"2025-06-04T11:47:54.459+00:00","eventName":"n8n.workflow.started","message":"n8n.workflow.started","payload":{"executionId":"11","workflowId":"XaLsTVD8VmMtYP5m","isManual":false,"workflowName":"My workflow"}}
{"__type":"$$EventMessageConfirm","confirm":"d34eaf01-4f7e-4359-95d0-a7d311098cd9","ts":"2025-06-04T11:47:54.459+00:00","source":{"id":"0","name":"eventBus"}}
{"__type":"$$EventMessageNode","id":"a77d0334-6d97-46dc-8701-a3feddccae03","ts":"2025-06-04T11:47:54.459+00:00","eventName":"n8n.node.started","message":"n8n.node.started","payload":{"workflowId":"XaLsTVD8VmMtYP5m","workflowName":"My workflow","executionId":"11","nodeType":"n8n-nodes-base.executeCommand","nodeName":"Execute Command"}}
{"__type":"$$EventMessageConfirm","confirm":"a77d0334-6d97-46dc-8701-a3feddccae03","ts":"2025-06-04T11:47:54.460+00:00","source":{"id":"0","name":"eventBus"}}
{"__type":"$$EventMessageNode","id":"4bc8bfa7-4ef5-4a1b-b325-066995b8627d","ts":"2025-06-04T11:47:54.531+00:00","eventName":"n8n.node.finished","message":"n8n.node.finished","payload":{"workflowId":"XaLsTVD8VmMtYP5m","workflowName":"My workflow","executionId":"11","nodeType":"n8n-nodes-base.executeCommand","nodeName":"Execute Command"}}
{"__type":"$$EventMessageConfirm","confirm":"4bc8bfa7-4ef5-4a1b-b325-066995b8627d","ts":"2025-06-04T11:47:54.531+00:00","source":{"id":"0","name":"eventBus"}}
{"__type":"$$EventMessageWorkflow","id":"a0aff518-12c3-45ce-bb8d-679106d0d564","ts":"2025-06-04T11:47:54.533+00:00","eventName":"n8n.workflow.failed","message":"n8n.workflow.failed","payload":{"executionId":"11","userId":"9b8b052a-db15-4de7-91d1-091b24ac0870","success":false,"isManual":true,"workflowId":"XaLsTVD8VmMtYP5m","workflowName":"My workflow","lastNodeExecuted":"Execute Command","errorNodeType":"n8n-nodes-base.executeCommand","errorMessage":"The connection cannot be established, this usually occurs due to an incorrect host (domain) value"}}
{"__type":"$$EventMessageConfirm","confirm":"a0aff518-12c3-45ce-bb8d-679106d0d564","ts":"2025-06-04T11:47:54.533+00:00","source":{"id":"0","name":"eventBus"}}
